2026-01-15 22:32:24,867 INFO [mollie_import] Starting import; test=True, config=config.ini, export=/private/var/folders/7t/gsnbpftj14qg8nygdppv5rjm0000gp/T/pytest-of-reinoud/pytest-0/test_end_to_end_dryrun0/export.csv
2026-01-15 22:32:24,868 INFO [mollie_import] Processing a@example.com
2026-01-15 22:32:24,869 INFO [mollie_import] [TEST MODE] POST https://api.mollie.com/v2/customers payload={'email': 'a@example.com', 'name': 'A B'}
2026-01-15 22:32:24,869 INFO [mollie_import] Created customer for a@example.com: {'_test': True, 'url': 'https://api.mollie.com/v2/customers', 'payload': {'email': 'a@example.com', 'name': 'A B'}}
2026-01-15 22:32:24,869 WARNING [mollie_import] No customer id returned for a@example.com; proceeding in test mode or skipping mandate/subscription
2026-01-15 22:32:24,869 INFO [mollie_import] Wrote results to imported_export.csv
2026-01-15 22:32:24,869 INFO [mollie_import] Import finished. Success: 1, Failed: 0
2026-01-15 22:32:50,156 INFO [mollie_import] Starting import; test=True, config=config.ini, export=/private/var/folders/7t/gsnbpftj14qg8nygdppv5rjm0000gp/T/pytest-of-reinoud/pytest-1/test_end_to_end_dryrun0/export.csv
2026-01-15 22:32:50,163 INFO [mollie_import] Processing a@example.com
2026-01-15 22:32:50,163 INFO [mollie_import] [TEST MODE] POST https://api.mollie.com/v2/customers payload={'email': 'a@example.com', 'name': 'A B'}
2026-01-15 22:32:50,163 INFO [mollie_import] Created customer for a@example.com: {'_test': True, 'url': 'https://api.mollie.com/v2/customers', 'payload': {'email': 'a@example.com', 'name': 'A B'}}
2026-01-15 22:32:50,163 WARNING [mollie_import] No customer id returned for a@example.com; proceeding in test mode or skipping mandate/subscription
2026-01-15 22:32:50,163 INFO [mollie_import] Wrote results to /private/var/folders/7t/gsnbpftj14qg8nygdppv5rjm0000gp/T/pytest-of-reinoud/pytest-1/test_end_to_end_dryrun0/imported_export.csv
2026-01-15 22:32:50,163 INFO [mollie_import] Import finished. Success: 1, Failed: 0
2026-01-15 22:32:55,817 INFO [mollie_import] Starting import; test=True, config=config.ini, export=/private/var/folders/7t/gsnbpftj14qg8nygdppv5rjm0000gp/T/pytest-of-reinoud/pytest-2/test_end_to_end_dryrun0/export.csv
2026-01-15 22:32:55,819 INFO [mollie_import] Processing a@example.com
2026-01-15 22:32:55,819 INFO [mollie_import] [TEST MODE] POST https://api.mollie.com/v2/customers payload={'email': 'a@example.com', 'name': 'A B'}
2026-01-15 22:32:55,819 INFO [mollie_import] Created customer for a@example.com: {'_test': True, 'url': 'https://api.mollie.com/v2/customers', 'payload': {'email': 'a@example.com', 'name': 'A B'}}
2026-01-15 22:32:55,820 WARNING [mollie_import] No customer id returned for a@example.com; proceeding in test mode or skipping mandate/subscription
2026-01-15 22:32:55,820 INFO [mollie_import] Wrote results to /private/var/folders/7t/gsnbpftj14qg8nygdppv5rjm0000gp/T/pytest-of-reinoud/pytest-2/test_end_to_end_dryrun0/imported_export.csv
2026-01-15 22:32:55,820 INFO [mollie_import] Import finished. Success: 1, Failed: 0
2026-01-15 22:34:35,178 INFO [mollie_import] Starting import; test=True, config=config.ini, export=/private/var/folders/7t/gsnbpftj14qg8nygdppv5rjm0000gp/T/pytest-of-reinoud/pytest-3/test_end_to_end_dryrun0/export.csv
2026-01-15 22:34:35,180 INFO [mollie_import] Processing a@example.com
2026-01-15 22:34:35,180 INFO [mollie_import] [TEST MODE] POST https://api.mollie.com/v2/customers payload={'email': 'a@example.com', 'name': 'A B'} idempotency=c75ad5874c8ad267bdb6a2e277e58cdfa03f18999e2b9f611fba221994ff075c
2026-01-15 22:34:35,180 INFO [mollie_import] Created customer for a@example.com: {'_test': True, 'url': 'https://api.mollie.com/v2/customers', 'payload': {'email': 'a@example.com', 'name': 'A B'}, 'idempotency': 'c75ad5874c8ad267bdb6a2e277e58cdfa03f18999e2b9f611fba221994ff075c'}
2026-01-15 22:34:35,181 WARNING [mollie_import] No customer id returned for a@example.com; proceeding in test mode or skipping mandate/subscription
2026-01-15 22:34:35,181 INFO [mollie_import] Wrote results to /private/var/folders/7t/gsnbpftj14qg8nygdppv5rjm0000gp/T/pytest-of-reinoud/pytest-3/test_end_to_end_dryrun0/imported_export.csv
2026-01-15 22:34:35,181 INFO [mollie_import] Import finished. Success: 1, Failed: 0
2026-01-15 22:36:13,385 INFO [mollie_import] Starting import; test=True, config=config.ini, export=/private/var/folders/7t/gsnbpftj14qg8nygdppv5rjm0000gp/T/pytest-of-reinoud/pytest-4/test_end_to_end_dryrun0/export.csv
2026-01-15 22:36:13,386 INFO [mollie_import] Processing a@example.com
2026-01-15 22:36:13,387 INFO [mollie_import] [TEST MODE] POST https://api.mollie.com/v2/customers payload={'email': 'a@example.com', 'name': 'A B'} idempotency=c75ad5874c8ad267bdb6a2e277e58cdfa03f18999e2b9f611fba221994ff075c
2026-01-15 22:36:13,387 INFO [mollie_import] Created customer for a@example.com: {'_test': True, 'url': 'https://api.mollie.com/v2/customers', 'payload': {'email': 'a@example.com', 'name': 'A B'}, 'idempotency': 'c75ad5874c8ad267bdb6a2e277e58cdfa03f18999e2b9f611fba221994ff075c'}
2026-01-15 22:36:13,387 WARNING [mollie_import] No customer id returned for a@example.com; proceeding in test mode or skipping mandate/subscription
2026-01-15 22:36:13,387 INFO [mollie_import] Wrote results to /private/var/folders/7t/gsnbpftj14qg8nygdppv5rjm0000gp/T/pytest-of-reinoud/pytest-4/test_end_to_end_dryrun0/imported_export.csv
2026-01-15 22:36:13,387 INFO [mollie_import] Import finished. Success: 1, Failed: 0
